  Board.cpp
C:\Users\vlad\source\repos\PvZ-Quality-Enhanced-main\SexyAppFramework\KeyCodes.h(9,14): warning C4091: typedef : пропускается слева от "Sexy::KeyCode", когда ни одна переменная не объявлена
  (компиляция исходного файла "../Lawn/Board.cpp")
  
C:\Users\vlad\source\repos\PvZ-Quality-Enhanced-main\Sexy.TodLib\TodCommon.h(132,82): warning C4244: return: преобразование "double" в "float", возможна потеря данных
  (компиляция исходного файла "../Lawn/Board.cpp")
  
C:\Users\vlad\source\repos\PvZ-Quality-Enhanced-main\Sexy.TodLib\TodCommon.h(134,84): warning C4244: return: преобразование "float" в "int", возможна потеря данных
  (компиляция исходного файла "../Lawn/Board.cpp")
  
C:\Users\vlad\source\repos\PvZ-Quality-Enhanced-main\Lawn\Board.cpp(655,21): warning C4244: *=: преобразование "float" в "int", возможна потеря данных
C:\Users\vlad\source\repos\PvZ-Quality-Enhanced-main\Lawn\Board.cpp(831,3): warning C4003: недостаточно аргументов для вызова макроса, подобного функции, "TOD_ASSERT"
C:\Users\vlad\source\repos\PvZ-Quality-Enhanced-main\Lawn\Board.cpp(981,3): warning C4003: недостаточно аргументов для вызова макроса, подобного функции, "TOD_ASSERT"
C:\Users\vlad\source\repos\PvZ-Quality-Enhanced-main\Lawn\Board.cpp(1045,3): warning C4003: недостаточно аргументов для вызова макроса, подобного функции, "TOD_ASSERT"
C:\Users\vlad\source\repos\PvZ-Quality-Enhanced-main\Lawn\Board.cpp(1129,5): warning C4003: недостаточно аргументов для вызова макроса, подобного функции, "TOD_ASSERT"
C:\Users\vlad\source\repos\PvZ-Quality-Enhanced-main\Lawn\Board.cpp(1598,21): warning C4244: =: преобразование "int" в "float", возможна потеря данных
C:\Users\vlad\source\repos\PvZ-Quality-Enhanced-main\Lawn\Board.cpp(1605,69): warning C4244: аргумент: преобразование "float" в "int", возможна потеря данных
C:\Users\vlad\source\repos\PvZ-Quality-Enhanced-main\Lawn\Board.cpp(1605,59): warning C4244: аргумент: преобразование "float" в "int", возможна потеря данных
C:\Users\vlad\source\repos\PvZ-Quality-Enhanced-main\Lawn\Board.cpp(1605,108): warning C4244: аргумент: преобразование "float" в "int", возможна потеря данных
C:\Users\vlad\source\repos\PvZ-Quality-Enhanced-main\Lawn\Board.cpp(1605,98): warning C4244: аргумент: преобразование "float" в "int", возможна потеря данных
C:\Users\vlad\source\repos\PvZ-Quality-Enhanced-main\Lawn\Board.cpp(1605,97): warning C4244: аргумент: преобразование "int" в "float", возможна потеря данных
C:\Users\vlad\source\repos\PvZ-Quality-Enhanced-main\Lawn\Board.cpp(1605,79): warning C4244: аргумент: преобразование "int" в "float", возможна потеря данных
C:\Users\vlad\source\repos\PvZ-Quality-Enhanced-main\Lawn\Board.cpp(1656,29): warning C4244: =: преобразование "int" в "float", возможна потеря данных
C:\Users\vlad\source\repos\PvZ-Quality-Enhanced-main\Lawn\Board.cpp(1657,29): warning C4244: =: преобразование "int" в "float", возможна потеря данных
C:\Users\vlad\source\repos\PvZ-Quality-Enhanced-main\Lawn\Board.cpp(1659,77): warning C4244: аргумент: преобразование "int" в "float", возможна потеря данных
C:\Users\vlad\source\repos\PvZ-Quality-Enhanced-main\Lawn\Board.cpp(1659,69): warning C4244: аргумент: преобразование "int" в "float", возможна потеря данных
C:\Users\vlad\source\repos\PvZ-Quality-Enhanced-main\Lawn\Board.cpp(1840,54): warning C4244: аргумент: преобразование "float" в "int", возможна потеря данных
C:\Users\vlad\source\repos\PvZ-Quality-Enhanced-main\Lawn\Board.cpp(1840,30): warning C4244: аргумент: преобразование "float" в "int", возможна потеря данных
C:\Users\vlad\source\repos\PvZ-Quality-Enhanced-main\Lawn\Board.cpp(1845,33): warning C4244: аргумент: преобразование "int" в "float", возможна потеря данных
C:\Users\vlad\source\repos\PvZ-Quality-Enhanced-main\Lawn\Board.cpp(2138,31): warning C4244: аргумент: преобразование "int" в "float", возможна потеря данных
C:\Users\vlad\source\repos\PvZ-Quality-Enhanced-main\Lawn\Board.cpp(2138,24): warning C4244: аргумент: преобразование "int" в "float", возможна потеря данных
C:\Users\vlad\source\repos\PvZ-Quality-Enhanced-main\Lawn\Board.cpp(2143,31): warning C4244: аргумент: преобразование "int" в "float", возможна потеря данных
C:\Users\vlad\source\repos\PvZ-Quality-Enhanced-main\Lawn\Board.cpp(2143,24): warning C4244: аргумент: преобразование "int" в "float", возможна потеря данных
C:\Users\vlad\source\repos\PvZ-Quality-Enhanced-main\Lawn\Board.cpp(2332,23): warning C4003: недостаточно аргументов для вызова макроса, подобного функции, "TOD_ASSERT"
C:\Users\vlad\source\repos\PvZ-Quality-Enhanced-main\Lawn\Board.cpp(3542,78): warning C4244: аргумент: преобразование "int" в "float", возможна потеря данных
C:\Users\vlad\source\repos\PvZ-Quality-Enhanced-main\Lawn\Board.cpp(3542,60): warning C4244: аргумент: преобразование "int" в "float", возможна потеря данных
C:\Users\vlad\source\repos\PvZ-Quality-Enhanced-main\Lawn\Board.cpp(3542,57): warning C4244: аргумент: преобразование "int" в "float", возможна потеря данных
C:\Users\vlad\source\repos\PvZ-Quality-Enhanced-main\Lawn\Board.cpp(3542,54): warning C4244: аргумент: преобразование "int" в "float", возможна потеря данных
C:\Users\vlad\source\repos\PvZ-Quality-Enhanced-main\Lawn\Board.cpp(3834,3): warning C4003: недостаточно аргументов для вызова макроса, подобного функции, "TOD_ASSERT"
C:\Users\vlad\source\repos\PvZ-Quality-Enhanced-main\Lawn\Board.cpp(3943,60): warning C4244: аргумент: преобразование "int" в "float", возможна потеря данных
C:\Users\vlad\source\repos\PvZ-Quality-Enhanced-main\Lawn\Board.cpp(3943,54): warning C4244: аргумент: преобразование "int" в "float", возможна потеря данных
C:\Users\vlad\source\repos\PvZ-Quality-Enhanced-main\Lawn\Board.cpp(4004,19): warning C4244: инициализация: преобразование "int" в "float", возможна потеря данных
C:\Users\vlad\source\repos\PvZ-Quality-Enhanced-main\Lawn\Board.cpp(4005,67): warning C4244: аргумент: преобразование "int" в "float", возможна потеря данных
C:\Users\vlad\source\repos\PvZ-Quality-Enhanced-main\Lawn\Board.cpp(4005,50): warning C4244: аргумент: преобразование "int" в "float", возможна потеря данных
C:\Users\vlad\source\repos\PvZ-Quality-Enhanced-main\Lawn\Board.cpp(4005,36): warning C4244: аргумент: преобразование "int" в "float", возможна потеря данных
C:\Users\vlad\source\repos\PvZ-Quality-Enhanced-main\Lawn\Board.cpp(4005,33): warning C4244: аргумент: преобразование "int" в "float", возможна потеря данных
C:\Users\vlad\source\repos\PvZ-Quality-Enhanced-main\Lawn\Board.cpp(4013,48): warning C4244: аргумент: преобразование "int" в "float", возможна потеря данных
C:\Users\vlad\source\repos\PvZ-Quality-Enhanced-main\Lawn\Board.cpp(4013,36): warning C4244: аргумент: преобразование "int" в "float", возможна потеря данных
C:\Users\vlad\source\repos\PvZ-Quality-Enhanced-main\Lawn\Board.cpp(4013,22): warning C4244: аргумент: преобразование "int" в "float", возможна потеря данных
C:\Users\vlad\source\repos\PvZ-Quality-Enhanced-main\Lawn\Board.cpp(4013,19): warning C4244: аргумент: преобразование "int" в "float", возможна потеря данных
C:\Users\vlad\source\repos\PvZ-Quality-Enhanced-main\Lawn\Board.cpp(4156,56): warning C4244: аргумент: преобразование "float" в "_T", возможна потеря данных
C:\Users\vlad\source\repos\PvZ-Quality-Enhanced-main\Lawn\Board.cpp(4156,56): warning C4244:         with
C:\Users\vlad\source\repos\PvZ-Quality-Enhanced-main\Lawn\Board.cpp(4156,56): warning C4244:         [
C:\Users\vlad\source\repos\PvZ-Quality-Enhanced-main\Lawn\Board.cpp(4156,56): warning C4244:             _T=int
C:\Users\vlad\source\repos\PvZ-Quality-Enhanced-main\Lawn\Board.cpp(4156,56): warning C4244:         ]
C:\Users\vlad\source\repos\PvZ-Quality-Enhanced-main\Lawn\Board.cpp(4156,36): warning C4244: аргумент: преобразование "float" в "_T", возможна потеря данных
C:\Users\vlad\source\repos\PvZ-Quality-Enhanced-main\Lawn\Board.cpp(4156,36): warning C4244:         with
C:\Users\vlad\source\repos\PvZ-Quality-Enhanced-main\Lawn\Board.cpp(4156,36): warning C4244:         [
C:\Users\vlad\source\repos\PvZ-Quality-Enhanced-main\Lawn\Board.cpp(4156,36): warning C4244:             _T=int
C:\Users\vlad\source\repos\PvZ-Quality-Enhanced-main\Lawn\Board.cpp(4156,36): warning C4244:         ]
C:\Users\vlad\source\repos\PvZ-Quality-Enhanced-main\Lawn\Board.cpp(4326,3): warning C4003: недостаточно аргументов для вызова макроса, подобного функции, "TOD_ASSERT"
C:\Users\vlad\source\repos\PvZ-Quality-Enhanced-main\Lawn\Board.cpp(4869,96): warning C4244: +=: преобразование "float" в "int", возможна потеря данных
C:\Users\vlad\source\repos\PvZ-Quality-Enhanced-main\Lawn\Board.cpp(5368,58): warning C4244: =: преобразование "float" в "int", возможна потеря данных
C:\Users\vlad\source\repos\PvZ-Quality-Enhanced-main\Lawn\Board.cpp(5400,17): warning C4244: инициализация: преобразование "int" в "float", возможна потеря данных
C:\Users\vlad\source\repos\PvZ-Quality-Enhanced-main\Lawn\Board.cpp(5401,17): warning C4244: инициализация: преобразование "int" в "float", возможна потеря данных
C:\Users\vlad\source\repos\PvZ-Quality-Enhanced-main\Lawn\Board.cpp(5533,16): warning C4244: инициализация: преобразование "int" в "float", возможна потеря данных
C:\Users\vlad\source\repos\PvZ-Quality-Enhanced-main\Lawn\Board.cpp(5534,16): warning C4244: инициализация: преобразование "int" в "float", возможна потеря данных
C:\Users\vlad\source\repos\PvZ-Quality-Enhanced-main\Lawn\Board.cpp(5535,29): warning C4244: аргумент: преобразование "float" в "int", возможна потеря данных
C:\Users\vlad\source\repos\PvZ-Quality-Enhanced-main\Lawn\Board.cpp(5535,22): warning C4244: аргумент: преобразование "float" в "int", возможна потеря данных
C:\Users\vlad\source\repos\PvZ-Quality-Enhanced-main\Lawn\Board.cpp(5642,68): warning C4244: аргумент: преобразование "float" в "int", возможна потеря данных
C:\Users\vlad\source\repos\PvZ-Quality-Enhanced-main\Lawn\Board.cpp(5642,42): warning C4244: аргумент: преобразование "float" в "int", возможна потеря данных
C:\Users\vlad\source\repos\PvZ-Quality-Enhanced-main\Lawn\Board.cpp(5904,21): warning C4003: недостаточно аргументов для вызова макроса, подобного функции, "TOD_ASSERT"
C:\Users\vlad\source\repos\PvZ-Quality-Enhanced-main\Lawn\Board.cpp(6268,97): warning C4244: аргумент: преобразование "float" в "int", возможна потеря данных
C:\Users\vlad\source\repos\PvZ-Quality-Enhanced-main\Lawn\Board.cpp(6612,4): warning C4003: недостаточно аргументов для вызова макроса, подобного функции, "TOD_ASSERT"
C:\Users\vlad\source\repos\PvZ-Quality-Enhanced-main\Lawn\Board.cpp(6829,90): warning C4244: аргумент: преобразование "int" в "float", возможна потеря данных
C:\Users\vlad\source\repos\PvZ-Quality-Enhanced-main\Lawn\Board.cpp(6829,56): warning C4244: аргумент: преобразование "int" в "float", возможна потеря данных
C:\Users\vlad\source\repos\PvZ-Quality-Enhanced-main\Lawn\Board.cpp(6833,90): warning C4244: аргумент: преобразование "int" в "float", возможна потеря данных
C:\Users\vlad\source\repos\PvZ-Quality-Enhanced-main\Lawn\Board.cpp(6833,56): warning C4244: аргумент: преобразование "int" в "float", возможна потеря данных
C:\Users\vlad\source\repos\PvZ-Quality-Enhanced-main\Lawn\Board.cpp(6837,90): warning C4244: аргумент: преобразование "int" в "float", возможна потеря данных
C:\Users\vlad\source\repos\PvZ-Quality-Enhanced-main\Lawn\Board.cpp(6837,56): warning C4244: аргумент: преобразование "int" в "float", возможна потеря данных
C:\Users\vlad\source\repos\PvZ-Quality-Enhanced-main\Lawn\Board.cpp(7162,3): warning C4003: недостаточно аргументов для вызова макроса, подобного функции, "TOD_ASSERT"
C:\Users\vlad\source\repos\PvZ-Quality-Enhanced-main\Lawn\Board.cpp(7387,18): warning C4244: инициализация: преобразование "float" в "int", возможна потеря данных
C:\Users\vlad\source\repos\PvZ-Quality-Enhanced-main\Lawn\Board.cpp(7483,16): warning C4244: инициализация: преобразование "int" в "float", возможна потеря данных
C:\Users\vlad\source\repos\PvZ-Quality-Enhanced-main\Lawn\Board.cpp(7484,16): warning C4244: инициализация: преобразование "double" в "float", возможна потеря данных
C:\Users\vlad\source\repos\PvZ-Quality-Enhanced-main\Lawn\Board.cpp(7485,18): warning C4244: инициализация: преобразование "double" в "float", возможна потеря данных
C:\Users\vlad\source\repos\PvZ-Quality-Enhanced-main\Lawn\Board.cpp(7486,18): warning C4244: инициализация: преобразование "double" в "float", возможна потеря данных
C:\Users\vlad\source\repos\PvZ-Quality-Enhanced-main\Lawn\Board.cpp(7487,18): warning C4244: инициализация: преобразование "double" в "float", возможна потеря данных
C:\Users\vlad\source\repos\PvZ-Quality-Enhanced-main\Lawn\Board.cpp(7489,22): warning C4244: инициализация: преобразование "double" в "int", возможна потеря данных
C:\Users\vlad\source\repos\PvZ-Quality-Enhanced-main\Lawn\Board.cpp(7490,26): warning C4244: инициализация: преобразование "float" в "int", возможна потеря данных
C:\Users\vlad\source\repos\PvZ-Quality-Enhanced-main\Lawn\Board.cpp(7502,38): warning C4244: аргумент: преобразование "float" в "int", возможна потеря данных
C:\Users\vlad\source\repos\PvZ-Quality-Enhanced-main\Lawn\Board.cpp(7502,31): warning C4244: аргумент: преобразование "float" в "int", возможна потеря данных
C:\Users\vlad\source\repos\PvZ-Quality-Enhanced-main\Lawn\Board.cpp(7506,53): warning C4244: аргумент: преобразование "float" в "int", возможна потеря данных
C:\Users\vlad\source\repos\PvZ-Quality-Enhanced-main\Lawn\Board.cpp(7506,38): warning C4244: аргумент: преобразование "float" в "int", возможна потеря данных
C:\Users\vlad\source\repos\PvZ-Quality-Enhanced-main\Lawn\Board.cpp(7601,23): warning C4244: инициализация: преобразование "int" в "float", возможна потеря данных
C:\Users\vlad\source\repos\PvZ-Quality-Enhanced-main\Lawn\Board.cpp(8903,2): warning C4003: недостаточно аргументов для вызова макроса, подобного функции, "TOD_ASSERT"
C:\Users\vlad\source\repos\PvZ-Quality-Enhanced-main\Lawn\Board.cpp(9077,21): warning C4244: return: преобразование "int" в "float", возможна потеря данных
C:\Users\vlad\source\repos\PvZ-Quality-Enhanced-main\Lawn\Board.cpp(9736,2): warning C4003: недостаточно аргументов для вызова макроса, подобного функции, "TOD_ASSERT"
C:\Users\vlad\source\repos\PvZ-Quality-Enhanced-main\Lawn\Board.cpp(9821,2): warning C4003: недостаточно аргументов для вызова макроса, подобного функции, "TOD_ASSERT"
C:\Users\vlad\source\repos\PvZ-Quality-Enhanced-main\Lawn\Board.cpp(9885,2): warning C4003: недостаточно аргументов для вызова макроса, подобного функции, "TOD_ASSERT"
C:\Users\vlad\source\repos\PvZ-Quality-Enhanced-main\Lawn\Board.cpp(2334,1): warning C4715: Board::GetTopPlantAt: значение возвращается не при всех путях выполнения
C:\Users\vlad\source\repos\PvZ-Quality-Enhanced-main\Lawn\Board.cpp(8904,1): warning C4715: Board::LeftFogColumn: значение возвращается не при всех путях выполнения
C:\Users\vlad\source\repos\PvZ-Quality-Enhanced-main\Lawn\Board.cpp(9737,1): warning C4715: Board::GetNumWavesPerSurvivalStage: значение возвращается не при всех путях выполнения
C:\Users\vlad\source\repos\PvZ-Quality-Enhanced-main\Lawn\Board.cpp(9822,1): warning C4715: Board::CanUseGameObject: значение возвращается не при всех путях выполнения
  SexyAppBase.vcxproj -> C:\Users\vlad\source\repos\PvZ-Quality-Enhanced-main\Debug\IQBelowZero.exe
